59559:C 04 Mar 22:11:31.420 # Warning: no config file specified, using the default config. In order to specify a config file use redis-server /path/to/redis.conf
59559:M 04 Mar 22:11:31.422 * Increased maximum number of open files to 10032 (it was originally set to 2560).
                _._                                                  
           _.-``__ ''-._                                             
      _.-``    `.  `_.  ''-._           Redis 3.0.4 (00000000/0) 64 bit
  .-`` .-```.  ```\/    _.,_ ''-._                                   
 (    '      ,       .-`  | `,    )     Running in standalone mode
 |`-._`-...-` __...-.``-._|'` _.-'|     Port: 6379
 |    `-._   `._    /     _.-'    |     PID: 59559
  `-._    `-._  `-./  _.-'    _.-'                                   
 |`-._`-._    `-.__.-'    _.-'_.-'|                                  
 |    `-._`-._        _.-'_.-'    |           http://redis.io        
  `-._    `-._`-.__.-'_.-'    _.-'                                   
 |`-._`-._    `-.__.-'    _.-'_.-'|                                  
 |    `-._`-._        _.-'_.-'    |                                  
  `-._    `-._`-.__.-'_.-'    _.-'                                   
      `-._    `-.__.-'    _.-'                                       
          `-._        _.-'                                           
              `-.__.-'                                               

59559:M 04 Mar 22:11:31.429 # Server started, Redis version 3.0.4
59559:M 04 Mar 22:11:31.451 * DB loaded from disk: 0.022 seconds
59559:M 04 Mar 22:11:31.451 * The server is now ready to accept connections on port 6379
59559:M 04 Mar 23:11:32.046 * 1 changes in 3600 seconds. Saving...
59559:M 04 Mar 23:11:32.054 * Background saving started by pid 60579
60579:C 04 Mar 23:11:32.106 * DB saved on disk
59559:M 04 Mar 23:11:32.155 * Background saving terminated with success
59559:M 05 Mar 00:11:33.073 * 1 changes in 3600 seconds. Saving...
59559:M 05 Mar 00:11:33.144 * Background saving started by pid 61456
61456:C 05 Mar 00:11:33.146 * DB saved on disk
59559:M 05 Mar 00:11:33.244 * Background saving terminated with success
59559:M 05 Mar 08:23:21.410 * 1 changes in 3600 seconds. Saving...
59559:M 05 Mar 08:23:21.476 * Background saving started by pid 61540
61540:C 05 Mar 08:23:21.489 * DB saved on disk
59559:M 05 Mar 08:23:21.581 * Background saving terminated with success
59559:M 05 Mar 09:23:22.029 * 1 changes in 3600 seconds. Saving...
59559:M 05 Mar 09:23:22.030 * Background saving started by pid 62451
62451:C 05 Mar 09:23:22.115 * DB saved on disk
59559:M 05 Mar 09:23:22.132 * Background saving terminated with success
59559:M 05 Mar 10:23:23.101 * 1 changes in 3600 seconds. Saving...
59559:M 05 Mar 10:23:23.102 * Background saving started by pid 63369
63369:C 05 Mar 10:23:23.311 * DB saved on disk
59559:M 05 Mar 10:23:23.407 * Background saving terminated with success
59559:M 05 Mar 12:57:14.367 * 1 changes in 3600 seconds. Saving...
59559:M 05 Mar 12:57:14.368 * Background saving started by pid 63618
63618:C 05 Mar 12:57:14.470 * DB saved on disk
59559:M 05 Mar 12:57:14.574 * Background saving terminated with success
59559:M 05 Mar 16:34:16.005 * 1 changes in 3600 seconds. Saving...
59559:M 05 Mar 16:34:16.007 * Background saving started by pid 64312
64312:C 05 Mar 16:34:20.811 * DB saved on disk
59559:M 05 Mar 16:34:20.906 * Background saving terminated with success
59559:M 05 Mar 17:56:14.052 * 1 changes in 3600 seconds. Saving...
59559:M 05 Mar 17:56:14.056 * Background saving started by pid 65669
65669:C 05 Mar 17:56:14.147 * DB saved on disk
59559:M 05 Mar 17:56:14.264 * Background saving terminated with success
59559:M 05 Mar 18:56:15.061 * 1 changes in 3600 seconds. Saving...
59559:M 05 Mar 18:56:15.061 * Background saving started by pid 66536
66536:C 05 Mar 18:56:15.147 * DB saved on disk
59559:M 05 Mar 18:56:15.165 * Background saving terminated with success
59559:M 05 Mar 19:56:16.102 * 1 changes in 3600 seconds. Saving...
59559:M 05 Mar 19:56:16.103 * Background saving started by pid 67416
67416:C 05 Mar 19:56:16.203 * DB saved on disk
59559:M 05 Mar 19:56:16.207 * Background saving terminated with success
